#
# There is insufficient memory for the Java Runtime Environment to continue.
# Native memory allocation (mmap) failed to map 65536 bytes for Failed to commit area from 0x00000260d9cc0000 to 0x00000260d9cd0000 of length 65536.
# Possible reasons:
#   The system is out of physical RAM or swap space
#   The process is running with CompressedOops enabled, and the Java Heap may be blocking the growth of the native heap
# Possible solutions:
#   Reduce memory load on the system
#   Increase physical memory or swap space
#   Check if swap backing store is full
#   Decrease Java heap size (-Xmx/-Xms)
#   Decrease number of Java threads
#   Decrease Java thread stack sizes (-Xss)
#   Set larger code cache with -XX:ReservedCodeCacheSize=
# This output file may be truncated or incomplete.
#
#  Out of Memory Error (./src/hotspot/os/windows/os_windows.cpp:3619), pid=84448, tid=75632
#
# JRE version:  (11.0.13+7) (build )
# Java VM: OpenJDK 64-Bit Server VM (11.0.13+7-b1751.25, mixed mode, sharing, tiered, compressed oops, g1 gc, windows-amd64)
# No core dump will be written. Minidumps are not enabled by default on client versions of Windows
#

---------------  S U M M A R Y ------------

Command Line: git4idea.http.GitAskPassApp Username for 'https://github.com': 

Host: AMD Ryzen 5 4600H with Radeon Graphics         , 12 cores, 15G,  Windows 10 , 64 bit Build 19041 (10.0.19041.2364)
Time: Fri Feb  3 13:45:40 2023 中国标准时间 elapsed time: 0.018089 seconds (0d 0h 0m 0s)

---------------  T H R E A D  ---------------

Current thread (0x00000260bf4bc800):  JavaThread "Unknown thread" [_thread_in_vm, id=75632, stack(0x0000007c94800000,0x0000007c94900000)]

Stack: [0x0000007c94800000,0x0000007c94900000]
Native frames: (J=compiled Java code, j=interpreted, Vv=VM code, C=native code)
V  [jvm.dll+0x613daa]
V  [jvm.dll+0x799b30]
V  [jvm.dll+0x79b14d]
V  [jvm.dll+0x79b823]
V  [jvm.dll+0x24c958]
V  [jvm.dll+0x610e24]
V  [jvm.dll+0x605b25]
V  [jvm.dll+0x30aaab]
V  [jvm.dll+0x30aa1a]
V  [jvm.dll+0x30a8f2]
V  [jvm.dll+0x30f965]
V  [jvm.dll+0x359167]
V  [jvm.dll+0x359846]
V  [jvm.dll+0x359243]
V  [jvm.dll+0x2e57a8]
V  [jvm.dll+0x2e6947]
V  [jvm.dll+0x776d47]
V  [jvm.dll+0x77853c]
V  [jvm.dll+0x3666c9]
V  [jvm.dll+0x75a9ce]
V  [jvm.dll+0x3d47d3]
V  [jvm.dll+0x3d6d21]
C  [jli.dll+0x536b]
C  [ucrtbase.dll+0x21bb2]
C  [KERNEL32.DLL+0x17614]
C  [ntdll.dll+0x526a1]


---------------  P R O C E S S  ---------------

Threads class SMR info:
_java_thread_list=0x00000260bf214690, length=0, elements={
}

Java Threads: ( => current thread )

Other Threads:
  0x00000260bf4d5800 GCTaskThread "GC Thread#0" [stack: 0x0000007c94900000,0x0000007c94a00000] [id=14784]
  0x00000260bf530800 ConcurrentGCThread "G1 Main Marker" [stack: 0x0000007c94a00000,0x0000007c94b00000] [id=77780]
  0x00000260bf533000 ConcurrentGCThread "G1 Conc#0" [stack: 0x0000007c94b00000,0x0000007c94c00000] [id=85416]

[error occurred during error reporting (printing all threads), id 0xc0000005, EXCEPTION_ACCESS_VIOLATION (0xc0000005) at pc=0x00007ffd86e85c97]

VM state:not at safepoint (not fully initialized)

VM Mutex/Monitor currently owned by a thread:  ([mutex/lock_event])
[0x00000260bf4b8600] Heap_lock - owner thread: 0x00000260bf4bc800

Heap address: 0x000000070a000000, size: 3936 MB, Compressed Oops mode: Non-zero based: 0x000000070a000000
Narrow klass base: 0x0000000000000000, Narrow klass shift: 0

GC Heap History (0 events):
No events

Deoptimization events (0 events):
No events

Classes redefined (0 events):
No events

Internal exceptions (0 events):
No events

Events (1 events):
Event: 0.010 Loaded shared library D:\java\IntelliJ IDEA 2021.3.2\jbr\bin\zip.dll


Dynamic libraries:
0x00007ff747140000 - 0x00007ff74714a000 	D:\java\IntelliJ IDEA 2021.3.2\jbr\bin\java.exe
0x00007ffddf370000 - 0x00007ffddf568000 	C:\WINDOWS\SYSTEM32\ntdll.dll
0x00007ffdddfc0000 - 0x00007ffdde07f000 	C:\WINDOWS\System32\KERNEL32.DLL
0x00007ffddcdd0000 - 0x00007ffddd0a2000 	C:\WINDOWS\System32\KERNELBASE.dll
0x00007ffddcad0000 - 0x00007ffddcbd0000 	C:\WINDOWS\System32\ucrtbase.dll
0x00007ffdbefd0000 - 0x00007ffdbefe9000 	D:\java\IntelliJ IDEA 2021.3.2\jbr\bin\jli.dll
0x00007ffdb5070000 - 0x00007ffdb5087000 	D:\java\IntelliJ IDEA 2021.3.2\jbr\bin\VCRUNTIME140.dll
0x00007ffdddc50000 - 0x00007ffddddf1000 	C:\WINDOWS\System32\USER32.dll
0x00007ffddd0b0000 - 0x00007ffddd0d2000 	C:\WINDOWS\System32\win32u.dll
0x00007ffddf140000 - 0x00007ffddf16b000 	C:\WINDOWS\System32\GDI32.dll
0x00007ffddccc0000 - 0x00007ffddcdcf000 	C:\WINDOWS\System32\gdi32full.dll
0x00007ffdc9350000 - 0x00007ffdc95ea000 	C:\WINDOWS\WinSxS\amd64_microsoft.windows.common-controls_6595b64144ccf1df_6.0.19041.1110_none_60b5254171f9507e\COMCTL32.dll
0x00007ffddcbd0000 - 0x00007ffddcc6d000 	C:\WINDOWS\System32\msvcp_win.dll
0x00007ffdddbb0000 - 0x00007ffdddc4e000 	C:\WINDOWS\System32\msvcrt.dll
0x00007ffdde7a0000 - 0x00007ffdde7d2000 	C:\WINDOWS\System32\IMM32.DLL
0x00007ffda6260000 - 0x00007ffda62fd000 	D:\java\IntelliJ IDEA 2021.3.2\jbr\bin\msvcp140.dll
0x00007ffd86b90000 - 0x00007ffd87706000 	D:\java\IntelliJ IDEA 2021.3.2\jbr\bin\server\jvm.dll
0x00007ffdde5d0000 - 0x00007ffdde67e000 	C:\WINDOWS\System32\ADVAPI32.dll
0x00007ffdde080000 - 0x00007ffdde11c000 	C:\WINDOWS\System32\sechost.dll
0x00007ffddde00000 - 0x00007ffdddf25000 	C:\WINDOWS\System32\RPCRT4.dll
0x00007ffddd9f0000 - 0x00007ffddd9f8000 	C:\WINDOWS\System32\PSAPI.DLL
0x00007ffdd6430000 - 0x00007ffdd6439000 	C:\WINDOWS\SYSTEM32\WSOCK32.dll
0x00007ffdd1730000 - 0x00007ffdd1757000 	C:\WINDOWS\SYSTEM32\WINMM.dll
0x00007ffdd4af0000 - 0x00007ffdd4afa000 	C:\WINDOWS\SYSTEM32\VERSION.dll
0x00007ffdddb40000 - 0x00007ffdddbab000 	C:\WINDOWS\System32\WS2_32.dll
0x00007ffddb2a0000 - 0x00007ffddb2b2000 	C:\WINDOWS\SYSTEM32\kernel.appcore.dll
0x00007ffdbfbd0000 - 0x00007ffdbfbe1000 	D:\java\IntelliJ IDEA 2021.3.2\jbr\bin\verify.dll
0x00007ffddadf0000 - 0x00007ffddafd4000 	C:\WINDOWS\SYSTEM32\DBGHELP.DLL
0x00007ffdc7330000 - 0x00007ffdc7365000 	C:\WINDOWS\SYSTEM32\dbgcore.DLL
0x00007ffddd0e0000 - 0x00007ffddd162000 	C:\WINDOWS\System32\bcryptPrimitives.dll
0x00007ffdbfba0000 - 0x00007ffdbfbc9000 	D:\java\IntelliJ IDEA 2021.3.2\jbr\bin\java.dll
0x00007ffdd5f90000 - 0x00007ffdd5f9b000 	D:\java\IntelliJ IDEA 2021.3.2\jbr\bin\jimage.dll
0x00007ffdbbe90000 - 0x00007ffdbbea8000 	D:\java\IntelliJ IDEA 2021.3.2\jbr\bin\zip.dll

dbghelp: loaded successfully - version: 4.0.5 - missing functions: none
symbol engine: initialized successfully - sym options: 0x614 - pdb path: .;D:\java\IntelliJ IDEA 2021.3.2\jbr\bin;C:\WINDOWS\SYSTEM32;C:\WINDOWS\WinSxS\amd64_microsoft.windows.common-controls_6595b64144ccf1df_6.0.19041.1110_none_60b5254171f9507e;D:\java\IntelliJ IDEA 2021.3.2\jbr\bin\server

VM Arguments:
java_command: git4idea.http.GitAskPassApp Username for 'https://github.com': 
java_class_path (initial): D:/java/IntelliJ IDEA 2021.3.2/plugins/git4idea/lib/git4idea-rt.jar;D:/java/IntelliJ IDEA 2021.3.2/lib/3rd-party.jar;D:/java/IntelliJ IDEA 2021.3.2/lib/3rd-party-rt.jar
Launcher Type: SUN_STANDARD

[Global flags]
     intx CICompilerCount                          = 4                                         {product} {ergonomic}
     uint ConcGCThreads                            = 3                                         {product} {ergonomic}
     uint G1ConcRefinementThreads                  = 10                                        {product} {ergonomic}
   size_t G1HeapRegionSize                         = 1048576                                   {product} {ergonomic}
    uintx GCDrainStackTargetSize                   = 64                                        {product} {ergonomic}
   size_t InitialHeapSize                          = 257949696                                 {product} {ergonomic}
   size_t MarkStackSize                            = 4194304                                   {product} {ergonomic}
   size_t MaxHeapSize                              = 4127195136                                {product} {ergonomic}
   size_t MinHeapDeltaBytes                        = 1048576                                   {product} {ergonomic}
    uintx NonNMethodCodeHeapSize                   = 5836300                                {pd product} {ergonomic}
    uintx NonProfiledCodeHeapSize                  = 122910970                              {pd product} {ergonomic}
    uintx ProfiledCodeHeapSize                     = 122910970                              {pd product} {ergonomic}
    uintx ReservedCodeCacheSize                    = 251658240                              {pd product} {ergonomic}
     bool SegmentedCodeCache                       = true                                      {product} {ergonomic}
     bool UseCompressedClassPointers               = true                                 {lp64_product} {ergonomic}
     bool UseCompressedOops                        = true                                 {lp64_product} {ergonomic}
     bool UseG1GC                                  = true                                      {product} {ergonomic}
     bool UseLargePagesIndividualAllocation        = false                                  {pd product} {ergonomic}

Logging:
Log output configuration:
 #0: stdout all=warning uptime,level,tags
 #1: stderr all=off uptime,level,tags

Environment Variables:
JAVA_HOME=D:\java\jdk16
CLASSPATH=%JAVA_HOME%\bin;%JAVA_HOME%\lib\dt.jar;%JAVA_HOME%\lib\tools.jar
PATH=D:\Git\mingw64\libexec\git-core;D:\Git\mingw64\libexec\git-core;D:\Git\mingw64\bin;D:\Git\usr\bin;C:\Users\小赵同学\bin;D:\java\maven\apache-maven-3.8.5\bin;D:\java\jdk16\bin;D:\java\jdk16\jre\bin;C:\Program Files\NVIDIA Corporation\NVIDIA NvDLISR;D:\Git\cmd;D:\Go_tool\go_source\bin;D:\Xshell;D:\Xftp;C:\Program Files (x86)\GtkSharp\2.12\bin;C:\Program Files\Pandoc;D:\nodejs;C:\Program Files\MySQL\MySQL Shell 8.0\bin;D:\Anaconda;D:\Anaconda\Library\mingw-w64\bin;D:\Anaconda\Library\usr\bin;D:\Anaconda\Library\bin;D:\Anaconda\Scripts;D:\Python\Python3.10\Scripts;D:\Python\Python3.10;C:\Users\小赵同学\AppData\Local\Microsoft\WindowsApps;D:\java\jdk16\bin;D:\DataBase\mysql-5.7.19-winx64\bin;C:\Java开发工具\CLion 2021.2.3\bin;C:\Java开发工具\minGW\MinGW\bin;D:\mingw64\mingw64\bin;D:\java\maven\apache-maven-3.8.5\bin;C:\WINDOWS\system32;D:\java_tool\jmeter\apache-jmeter-5.4.3\bin;D:\Python_tool\PyCharm 2022.1.2\bin;D:\Go_tool\GoLand 2021.3.4\bin;C:\Users\小赵同学\go\bin;D:\vscode\Microsoft VS Code\bin;C:\Users\小赵同学\AppData\Roaming\npm
USERNAME=Pineapple
DISPLAY=:0.0
LC_ALL=en_US.UTF-8
OS=Windows_NT
PROCESSOR_IDENTIFIER=AMD64 Family 23 Model 96 Stepping 1, AuthenticAMD



---------------  S Y S T E M  ---------------

OS: Windows 10 , 64 bit Build 19041 (10.0.19041.2364)
OS uptime: 11 days 17:44 hours
Hyper-V role detected

CPU:total 12 (initial active 12) (12 cores per cpu, 2 threads per core) family 23 model 96 stepping 1 microcode 0x0, cmov, cx8, fxsr, mmx, sse, sse2, sse3, ssse3, sse4.1, sse4.2, popcnt, avx, avx2, aes, clmul, mmxext, 3dnowpref, lzcnt, sse4a, ht, tsc, tscinvbit, tscinv, bmi1, bmi2, adx, sha, fma

Memory: 4k page, system-wide physical 15741M (990M free)
TotalPageFile size 28541M (AvailPageFile size 5M)
current process WorkingSet (physical memory assigned to process): 14M, peak: 14M
current process commit charge ("private bytes"): 317M, peak: 317M

vm_info: OpenJDK 64-Bit Server VM (11.0.13+7-b1751.25) for windows-amd64 JRE (11.0.13+7-b1751.25), built on Jan 13 2022 20:47:27 by "" with MS VC++ 14.0 (VS2015)

END.
